<?xml version="1.0" encoding="UTF-8"?>
<testng-results ignored="0" total="1" passed="1" failed="0" skipped="0">
  <reporter-output>
  </reporter-output>
  <suite started-at="2024-08-25T16:13:03 IST" name="Rest API Suite" finished-at="2024-08-25T16:13:08 IST" duration-ms="5305">
    <groups>
    </groups>
    <test started-at="2024-08-25T16:13:03 IST" name="API Testing" finished-at="2024-08-25T16:13:08 IST" duration-ms="5305">
      <class name="airlines.AirlineTests">
        <test-method signature="createAirline()[pri:0, instance:airlines.AirlineTests@1b2abca6]" started-at="2024-08-25T16:13:03 IST" name="createAirline" finished-at="2024-08-25T16:13:08 IST" duration-ms="5182" status="PASS">
          <reporter-output>
          </reporter-output>
        </test-method> <!-- createAirline -->
      </class> <!-- airlines.AirlineTests -->
    </test> <!-- API Testing -->
  </suite> <!-- Rest API Suite -->
</testng-results>
