<?xml version="1.0" encoding="UTF-8"?>
<testsuite xmlns:xsi="http://www.w3.org/2001/XMLSchema-instance" xsi:noNamespaceSchemaLocation="https://maven.apache.org/surefire/maven-surefire-plugin/xsd/surefire-test-report.xsd" version="3.0.2" name="TestSuite" time="6.468" tests="1" errors="0" skipped="0" failures="0">
  <properties>
[...]
</properties>
  <testcase name="createAirline" classname="airlines.AirlineTests" time="5.202">
    <system-out><![CDATA[Request method:	POST
Request URI:	https://api.instantwebtools.net/v1/airlines
Proxy:			<none>
Request params:	<none>
Query params:	<none>
Form params:	<none>
Path params:	<none>
Headers:		Accept=*/*
				Content-Type=application/json
Cookies:		<none>
Multiparts:		<none>
Body:
{
    "established": "1983",
    "country": "India",
    "website": "www.indigo.com",
    "name": "Indigo Airlines",
    "head_quaters": "India",
    "logo": "ABC",
    "id": "1234",
    "slogan": "ABC Slogon"
}
HTTP/1.1 200 OK
Server: nginx/1.24.0 (Ubuntu)
Date: Sun, 25 Aug 2024 10:43:08 GMT
Content-Type: application/json; charset=utf-8
Content-Length: 203
Connection: keep-alive
X-Powered-By: Express
Access-Control-Allow-Origin: *
ETag: W/"cb-VtJUVcmXeAzERDT2UhU+ZLAt+TA"

{
    "_id": "74b2d726-5f99-452f-b94e-a1b2528f1b7b",
    "name": "Indigo Airlines",
    "country": "India",
    "logo": "ABC",
    "slogan": "ABC Slogon",
    "head_quaters": "India",
    "website": "www.indigo.com",
    "established": "1983",
    "__v": 0
}
]]></system-out>
    <system-err><![CDATA[SLF4J: Failed to load class "org.slf4j.impl.StaticLoggerBinder".
SLF4J: Defaulting to no-operation (NOP) logger implementation
SLF4J: See http://www.slf4j.org/codes.html#StaticLoggerBinder for further details.
]]></system-err>
  </testcase>
</testsuite>